make all --print-data-base --no-builtin-variables --no-builtin-rules --question
make: *** No rule to make target 'all'.  Stop.

# GNU Make 4.2.1
# Built for x86_64-pc-linux-gnu
# Copyright (C) 1988-2016 Free Software Foundation, Inc.
# License GPLv3+: GNU GPL version 3 or later <http://gnu.org/licenses/gpl.html>
# This is free software: you are free to change and redistribute it.
# There is NO WARRANTY, to the extent permitted by law.

# Make data base, printed on Wed Jul 13 20:42:51 2022

# Variables

# 'override' directive
GNUMAKEFLAGS := 
# automatic
<D = $(patsubst %/,%,$(dir $<))
# automatic
?F = $(notdir $?)
# environment
PAPERSIZE = a4
# environment
DESKTOP_SESSION = ubuntu
# default
.SHELLFLAGS := -c
# makefile (from 'Makefile', line 79)
QEMU = qemu-system-riscv64
# environment
XDG_SESSION_CLASS = user
# environment
SNAP_COMMON = /var/snap/code/common
# environment
XDG_SESSION_TYPE = x11
# automatic
?D = $(patsubst %/,%,$(dir $?))
# environment
IM_CONFIG_PHASE = 1
# automatic
@D = $(patsubst %/,%,$(dir $@))
# environment
XAUTHORITY = /run/user/1000/gdm/Xauthority
# environment
GDMSESSION = ubuntu
# environment
XMODIFIERS = @im=fcitx
# makefile
CURDIR := /home/lumie/xv6-labs-2020
# makefile (from 'Makefile', line 8)
K = kernel
# makefile
SHELL = /bin/sh
# environment
SNAP_DATA = /var/snap/code/100
# makefile (from 'Makefile', line 9)
U = user
# environment
VSCODE_NLS_CONFIG = {"locale":"zh-cn","availableLanguages":{"*":"zh-cn"},"_languagePackId":"c9280508cf500dcd9c4c87fe2a1b08e9.zh-cn","_translationsConfigFile":"/home/lumie/.config/Code/clp/c9280508cf500dcd9c4c87fe2a1b08e9.zh-cn/tcf.json","_cacheRoot":"/home/lumie/.config/Code/clp/c9280508cf500dcd9c4c87fe2a1b08e9.zh-cn","_resolvedLanguagePackCoreLocation":"/home/lumie/.config/Code/clp/c9280508cf500dcd9c4c87fe2a1b08e9.zh-cn/92d25e35d9bf1a6b16f7d0758f25d48ace11e5b9","_corruptedFile":"/home/lumie/.config/Code/clp/c9280508cf500dcd9c4c87fe2a1b08e9.zh-cn/corrupted.info","_languagePackSupport":true}
# environment
JOURNAL_STREAM = 8:63623
# makefile (from 'Makefile', line 107)
CFLAGS = -Wall -Werror -O -fno-omit-frame-pointer -ggdb $(XCFLAGS) -MD -mcmodel=medany -ffreestanding -fno-common -nostdlib -mno-relax -I. $(shell $(CC) -fno-stack-protector -E -x c /dev/null >/dev/null 2>&1 && echo -fno-stack-protector) -fno-pie -no-pie
# makefile (from 'Makefile', line 356)
UPSTREAM := origin
# environment
XDG_CONFIG_DIRS = /etc/xdg/xdg-ubuntu:/etc/xdg
# makefile (from 'Makefile', line 258)
GDBPORT = $(shell expr `id -u` % 5000 + 25000)
# environment
SNAP_INSTANCE_NAME = code
# environment
SNAP_ARCH = amd64
# makefile (from 'user/call.d', line 1)
MAKEFILE_LIST :=  Makefile conf/lab.mk kernel/proc.d kernel/stats.d kernel/string.d kernel/exec.d kernel/syscall.d kernel/file.d kernel/printf.d kernel/trap.d kernel/uart.d kernel/sysfile.d kernel/spinlock.d kernel/sprintf.d kernel/pipe.d kernel/log.d kernel/main.d kernel/sysproc.d kernel/console.d kernel/virtio_disk.d kernel/sleeplock.d kernel/vmcopyin.d kernel/fs.d kernel/kalloc.d kernel/bio.d kernel/plic.d kernel/vm.d kernel/start.d user/wc.d user/sh.d user/bttest.d user/usertests.d user/ulib.d user/printf.d user/init.d user/rm.d user/grind.d user/usys.d user/kill.d user/ls.d user/mkdir.d user/umalloc.d user/ln.d user/echo.d user/forktest.d user/grep.d user/initcode.d user/trace.d user/sysinfotest.d user/alarmtest.d user/statistics.d user/stressfs.d user/lazytests.d user/cat.d user/zombie.d user/stats.d user/call.d
# automatic
@F = $(notdir $@)
# environment
GIO_LAUNCHED_DESKTOP_FILE = /var/lib/snapd/desktop/applications/code_code.desktop
# environment
USERNAME = lumie
# environment
MAKELEVEL := 0
# makefile (from 'Makefile', line 260)
QEMUGDB = $(shell if $(QEMU) -help | grep -q '^-gdb'; then echo "-gdb tcp::$(GDBPORT)"; else echo "-s -p $(GDBPORT)"; fi)
# environment
XDG_DATA_DIRS = /usr/share/ubuntu:/usr/local/share/:/usr/share/:/var/lib/snapd/desktop
# environment
DBUS_SESSION_BUS_ADDRESS = unix:path=/run/user/1000/bus,guid=83117b2dfc1059744c3235a462c945d1
# makefile (from 'Makefile', line 82)
AS = $(TOOLPREFIX)gas
# environment
_ = /snap/code/100/usr/share/code/code
# makefile (from 'Makefile', line 11)
OBJS = $K/entry.o $K/start.o $K/console.o $K/printf.o $K/uart.o $K/kalloc.o $K/spinlock.o $K/string.o $K/main.o $K/vm.o $K/proc.o $K/swtch.o $K/trampoline.o $K/trap.o $K/syscall.o $K/sysproc.o $K/bio.o $K/fs.o $K/log.o $K/sleeplock.o $K/file.o $K/pipe.o $K/exec.o $K/sysfile.o $K/kernelvec.o $K/plic.o $K/virtio_disk.o
# environment
MANAGERPID = 1556
# environment
CLUTTER_IM_MODULE = fcitx
# environment
LESSOPEN = | /usr/bin/lesspipe %s
# environment
LC_NAME = zh_CN.UTF-8
# environment
VSCODE_CWD = /home/lumie
# environment
GSETTINGS_SCHEMA_DIR = /snap/code/100/usr/share/glib-2.0/schemas
# default
MAKE_HOST := x86_64-pc-linux-gnu
# environment
PATH = /home/lumie/anaconda3/bin:/usr/local/sbin:/usr/local/bin:/usr/sbin:/usr/bin:/sbin:/bin:/usr/games:/usr/local/games:/snap/bin
# makefile (from 'Makefile', line 83)
LD = $(TOOLPREFIX)ld
# environment
GPG_AGENT_INFO = /run/user/1000/gnupg/S.gpg-agent:0:1
# environment
SESSION_MANAGER = local/lumie-virtual-machine:@/tmp/.ICE-unix/1787,unix/lumie-virtual-machine:/tmp/.ICE-unix/1787
# environment
XDG_RUNTIME_DIR = /run/user/1000
# environment
GDK_PIXBUF_MODULE_FILE = /home/lumie/snap/code/common/.cache/gdk-pixbuf-loaders.cache
# environment
SNAP = /snap/code/100
# makefile (from 'Makefile', line 264)
CPUS := 3
# environment
SNAP_VERSION = 92d25e35
# environment
XDG_MENU_PREFIX = gnome-
# environment
DISABLE_WAYLAND = 1
# environment
ELECTRON_RUN_AS_NODE = 1
# environment
INVOCATION_ID = e7c0af055a444963976607973612e3ce
# makefile (from 'Makefile', line 113)
LDFLAGS = -z max-page-size=4096
# environment
GDK_PIXBUF_MODULEDIR = /snap/code/100/usr/lib/x86_64-linux-gnu/gdk-pixbuf-2.0/2.10.0/loaders
# makefile (from 'Makefile', line 129)
ULIB = $U/ulib.o $U/usys.o $U/printf.o $U/umalloc.o
# default
.FEATURES := target-specific order-only second-expansion else-if shortest-stem undefine oneshell archives jobserver output-sync check-symlink load
# environment
LS_COLORS = 
# environment
XDG_SESSION_DESKTOP = ubuntu
# environment
SSH_AUTH_SOCK = /run/user/1000/keyring/ssh
# environment
GIO_LAUNCHED_DESKTOP_FILE_PID = 66147
# automatic
%F = $(notdir $%)
# environment
DISPLAY = :0
# environment
GTK_IM_MODULE = fcitx
# environment
SNAP_INSTANCE_KEY = 
# environment
PWD = /home/lumie/xv6-labs-2020
# default
.LOADED := 
# environment
SSH_AGENT_PID = 1745
# environment
ORIGINAL_XDG_CURRENT_DESKTOP = ubuntu:GNOME
# environment
GTK_MODULES = gail:atk-bridge
# makefile (from 'conf/lab.mk', line 1)
LAB = lazy
# environment
VSCODE_AMD_ENTRYPOINT = vs/workbench/api/node/extensionHostProcess
# environment
HOME = /home/lumie
# makefile (from 'Makefile', line 90)
LABUPPER = $(shell echo $(LAB) | tr a-z A-Z)
# environment
LESSCLOSE = /usr/bin/lesspipe %s %s
# environment
VSCODE_CLI = 1
# makefile (from 'Makefile', line 324)
WEBSUB := https://6828.scripts.mit.edu/2020/handin.py
# environment
VSCODE_CODE_CACHE_PATH = /home/lumie/.config/Code/CachedData/92d25e35d9bf1a6b16f7d0758f25d48ace11e5b9
# environment
LOGNAME = lumie
# environment
APPLICATION_INSIGHTS_NO_DIAGNOSTIC_CHANNEL = 1
# environment
SNAP_LIBRARY_PATH = /var/lib/snapd/lib/gl:/var/lib/snapd/lib/gl32:/var/lib/snapd/void
# environment
SNAP_CONTEXT = H3BveEKrpAo4mmVcx2Ozd-RqyypaSkQjQwSivyS2IDTyOQPcpL5h
# automatic
+F = $(notdir $+)
# environment
ELECTRON_NO_ATTACH_CONSOLE = 1
# environment
SNAP_USER_COMMON = /home/lumie/snap/code/common
# environment
VSCODE_HANDLES_UNCAUGHT_ERRORS = true
# environment
GNOME_DESKTOP_SESSION_ID = this-is-deprecated
# automatic
^D = $(patsubst %/,%,$(dir $^))
# environment
LC_TIME = zh_CN.UTF-8
# environment
SNAP_REAL_HOME = /home/lumie
# default
MAKE = $(MAKE_COMMAND)
# default
MAKECMDGOALS := all
# environment
QT_IM_MODULE = fcitx
# environment
SNAP_USER_DATA = /home/lumie/snap/code/100
# environment
SHLVL = 0
# makefile (from 'Makefile', line 307)
GRADEFLAGS = -v
# makefile (from 'Makefile', line 81)
CC = $(TOOLPREFIX)gcc
# makefile (from 'Makefile', line 67)
TOOLPREFIX := riscv64-linux-gnu-
# environment
GNOME_SHELL_SESSION_MODE = ubuntu
# default
MAKE_VERSION := 4.2.1
# environment
USER = lumie
# environment
SNAP_REVISION = 100
# environment
LC_MONETARY = zh_CN.UTF-8
# makefile
.DEFAULT_GOAL := kernel/kernel
# environment
XDG_CURRENT_DESKTOP = Unity
# automatic
%D = $(patsubst %/,%,$(dir $%))
# environment
LC_TELEPHONE = zh_CN.UTF-8
# default
MAKE_COMMAND := make
# default
.VARIABLES := 
# automatic
*F = $(notdir $*)
# environment
LANGUAGE = zh_CN:en
# environment
VSCODE_IPC_HOOK = /run/user/1000/vscode-67cba0ff-1.69.0-main.sock
# environment
BAMF_DESKTOP_FILE_HINT = /var/lib/snapd/desktop/applications/code_code.desktop
# makefile
MAKEFLAGS = pqrR
# environment
MFLAGS = -pqrR
# automatic
*D = $(patsubst %/,%,$(dir $*))
# automatic
+D = $(patsubst %/,%,$(dir $+))
# makefile (from 'Makefile', line 85)
OBJDUMP = $(TOOLPREFIX)objdump
# environment
GDK_BACKEND = x11
# environment
LC_PAPER = zh_CN.UTF-8
# environment
QT_ACCESSIBILITY = 1
# makefile (from 'Makefile', line 91)
XCFLAGS = -DSOL_$(LABUPPER) -DLAB_$(LABUPPER)
# makefile (from 'Makefile', line 274)
QEMUOPTS = -machine virt -bios none -kernel $K/kernel -m 128M -smp $(CPUS) -nographic -drive file=fs.img,if=none,format=raw,id=x0 -device virtio-blk-device,drive=x0,bus=virtio-mmio-bus.0
# 'override' directive
.SHELLSTATUS := 0
# default
MAKEFILES := 
 
# environment
SNAP_COOKIE = H3BveEKrpAo4mmVcx2Ozd-RqyypaSkQjQwSivyS2IDTyOQPcpL5h
# environment
LC_NUMERIC = zh_CN.UTF-8
# automatic
<F = $(notdir $<)
# makefile (from 'Makefile', line 238)
UEXTRA = 
# environment
LC_MEASUREMENT = zh_CN.UTF-8
# environment
SNAP_NAME = code
# makefile (from 'Makefile', line 270)
FWDPORT = $(shell expr `id -u` % 5000 + 25999)
# environment
LC_ALL = C
# environment
DBUS_STARTER_BUS_TYPE = session
# environment
QT4_IM_MODULE = fcitx
# automatic
^F = $(notdir $^)
# makefile (from 'Makefile', line 84)
OBJCOPY = $(TOOLPREFIX)objcopy
# default
SUFFIXES := 
# makefile (from 'Makefile', line 194)
UPROGS = $U/_cat $U/_echo $U/_forktest $U/_grep $U/_init $U/_kill $U/_ln $U/_ls $U/_mkdir $U/_rm $U/_sh $U/_stressfs $U/_usertests $U/_grind $U/_wc $U/_zombie  $U/_lazytests
# environment
SNAP_REEXEC = 
# environment
CHROME_DESKTOP = code-url-handler.desktop
# environment
WINDOWPATH = 2
# default
.INCLUDE_DIRS = /usr/include /usr/local/include /usr/include
# environment
LC_IDENTIFICATION = zh_CN.UTF-8
# default
.RECIPEPREFIX := 
# environment
LC_ADDRESS = zh_CN.UTF-8
# environment
LANG = C
# environment
VSCODE_PID = 66193
# environment
DBUS_STARTER_ADDRESS = unix:path=/run/user/1000/bus,guid=83117b2dfc1059744c3235a462c945d1
# variable set hash-table stats:
# Load=156/1024=15%, Rehash=0, Collisions=36/458=8%

# Pattern-specific Variable Values

# No pattern-specific variable values.

# Directories

# user (device 2053, inode 924141): 157 files, no impossibilities.
# kernel (device 2053, inode 924047): 107 files, no impossibilities.
# . (device 2053, inode 919230): 22 files, no impossibilities.

# 286 files, no impossibilities in 3 directories.

# Implicit Rules

_%: %.o user/ulib.o user/usys.o user/printf.o user/umalloc.o
#  recipe to execute (from 'Makefile', line 136):
	$(LD) $(LDFLAGS) -N -e main -Ttext 0 -o $@ $^
	$(OBJDUMP) -S $@ > $*.asm
	$(OBJDUMP) -t $@ | sed '1,/SYMBOL TABLE/d; s/ .* / /; /^$$/d' > $*.sym

# 1 implicit rules, 0 (0.0%) terminal.

# Files

# Not a target:
kernel/sysfile.c:
#  Implicit rule search has not been done.
#  Modification time never checked.
#  File has not been updated.

# Not a target:
user/_ln:
#  Implicit rule search has not been done.
#  Modification time never checked.
#  File has not been updated.

user/ln.o: user/ln.c kernel/types.h kernel/stat.h user/user.h
#  Implicit rule search has not been done.
#  Modification time never checked.
#  File has not been updated.

kernel/fs.o: kernel/fs.c kernel/types.h kernel/riscv.h kernel/defs.h kernel/param.h kernel/stat.h kernel/spinlock.h kernel/proc.h kernel/sleeplock.h kernel/fs.h kernel/buf.h kernel/file.h
#  Implicit rule search has not been done.
#  Modification time never checked.
#  File has not been updated.

# Not a target:
kernel/exec.c:
#  Implicit rule search has not been done.
#  Modification time never checked.
#  File has not been updated.

# Not a target:
kernel/vmcopyin.c:
#  Implicit rule search has not been done.
#  Modification time never checked.
#  File has not been updated.

# Not a target:
user/call.c:
#  Implicit rule search has not been done.
#  Modification time never checked.
#  File has not been updated.

user/grind.o: user/grind.c kernel/param.h kernel/types.h kernel/stat.h user/user.h kernel/fs.h kernel/fcntl.h kernel/syscall.h kernel/memlayout.h kernel/riscv.h
#  Implicit rule search has not been done.
#  Modification time never checked.
#  File has not been updated.

qemu: kernel/kernel fs.img
#  Implicit rule search has not been done.
#  Modification time never checked.
#  File has not been updated.
#  recipe to execute (from 'Makefile', line 282):
	$(QEMU) $(QEMUOPTS)

# Not a target:
kernel/virtio_disk.c:
#  Implicit rule search has not been done.
#  Modification time never checked.
#  File has not been updated.

# Not a target:
kernel/kalloc.d:
#  Implicit rule search has been done.
 
#  Last modified 2022-07-13 00:42:38.236583141
#  File has been updated.
#  Successfully updated.

kernel/exec.o: kernel/exec.c kernel/types.h kernel/param.h kernel/memlayout.h kernel/riscv.h kernel/spinlock.h kernel/proc.h kernel/defs.h kernel/elf.h
#  Implicit rule search has not been done.
#  Modification time never checked.
#  File has not been updated.

mkfs/mkfs: mkfs/mkfs.c kernel/fs.h kernel/param.h
#  Implicit rule search has not been done.
#  Modification time never checked.
#  File has not been updated.
#  recipe to execute (from 'Makefile', line 153):
	gcc $(XCFLAGS) -Werror -Wall -I. -o mkfs/mkfs mkfs/mkfs.c

# Not a target:
kernel/printf.c:
#  Implicit rule search has not been done.
#  Modification time never checked.
#  File has not been updated.

user/cat.o: user/cat.c kernel/types.h kernel/stat.h user/user.h
#  Implicit rule search has not been done.
#  Modification time never checked.
#  File has not been updated.

# Not a target:
kernel/file.h:
#  Implicit rule search has not been done.
#  Modification time never checked.
#  File has not been updated.

user/mkdir.o: user/mkdir.c kernel/types.h kernel/stat.h user/user.h
#  Implicit rule search has not been done.
#  Modification time never checked.
#  File has not been updated.

# Not a target:
user/_mkdir:
#  Implicit rule search has not been done.
#  Modification time never checked.
#  File has not been updated.

kernel/stats.o: kernel/stats.c /usr/lib/gcc-cross/riscv64-linux-gnu/9/include/stdarg.h kernel/types.h kernel/param.h kernel/spinlock.h kernel/sleeplock.h kernel/fs.h kernel/file.h kernel/riscv.h kernel/defs.h
#  Implicit rule search has not been done.
#  Modification time never checked.
#  File has not been updated.

# Not a target:
all:
#  Command line target.
#  Implicit rule search has been done.
#  File does not exist.
#  File has not been updated.

# Not a target:
%.o:
#  Precious file (prerequisite of .PRECIOUS).
#  Implicit rule search has not been done.
#  Modification time never checked.
#  File has not been updated.

user/sh.o: user/sh.c kernel/types.h user/user.h kernel/fcntl.h
#  Implicit rule search has not been done.
#  Modification time never checked.
#  File has not been updated.

# Not a target:
user/kill.c:
#  Implicit rule search has not been done.
#  Modification time never checked.
#  File has not been updated.

# Not a target:
kernel/spinlock.h:
#  Implicit rule search has not been done.
#  Modification time never checked.
#  File has not been updated.

# Not a target:
kernel/console.d:
#  Implicit rule search has been done.
#  Last modified 2022-07-13 00:42:38.148580679
#  File has been updated.
#  Successfully updated.

# Not a target:
kernel/proc.h:
#  Implicit rule search has not been done.
#  Modification time never checked.
#  File has not been updated.

.PHONY: handin tarball tarball-pref clean grade handin-check
#  Implicit rule search has not been done.
#  Modification time never checked.
#  File has not been updated.

# Not a target:
kernel/kernel.ld:
#  Implicit rule search has not been done.
#  Modification time never checked.
#  File has not been updated.

kernel/uart.o: kernel/uart.c kernel/types.h kernel/param.h kernel/memlayout.h kernel/riscv.h kernel/spinlock.h kernel/proc.h kernel/defs.h
#  Implicit rule search has not been done.
#  Modification time never checked.
#  File has not been updated.

user/sysinfotest.o: user/sysinfotest.c kernel/types.h kernel/riscv.h kernel/sysinfo.h user/user.h
#  Implicit rule search has not been done.
#  Modification time never checked.
#  File has not been updated.

kernel/sleeplock.o: kernel/sleeplock.c kernel/types.h kernel/riscv.h kernel/defs.h kernel/param.h kernel/memlayout.h kernel/spinlock.h kernel/proc.h kernel/sleeplock.h
#  Implicit rule search has not been done.
#  Modification time never checked.
#  File has not been updated.

kernel/plic.o: kernel/plic.c kernel/types.h kernel/param.h kernel/memlayout.h kernel/riscv.h kernel/defs.h
#  Implicit rule search has not been done.
#  Modification time never checked.
#  File has not been updated.

user/init.o: user/init.c kernel/types.h kernel/stat.h kernel/spinlock.h kernel/sleeplock.h kernel/fs.h kernel/file.h user/user.h kernel/fcntl.h
#  Implicit rule search has not been done.
#  Modification time never checked.
#  File has not been updated.

# Not a target:
user/_init:
#  Implicit rule search has not been done.
#  Modification time never checked.
#  File has not been updated.

kernel/log.o: kernel/log.c kernel/types.h kernel/riscv.h kernel/defs.h kernel/param.h kernel/spinlock.h kernel/sleeplock.h kernel/fs.h kernel/buf.h
#  Implicit rule search has not been done.
#  Modification time never checked.
#  File has not been updated.

# Not a target:
user/wc.c:
#  Implicit rule search has not been done.
#  Modification time never checked.
#  File has not been updated.

handin-check:
#  Phony target (prerequisite of .PHONY).
#  Implicit rule search has not been done.
#  File does not exist.
#  File has not been updated.
#  recipe to execute (from 'Makefile', line 335):
	@if ! test -d .git; then \
		echo No .git directory, is this a git repository?; \
		false; \
	fi
	@if test "$$(git symbolic-ref HEAD)" != refs/heads/$(LAB); then \
		git branch; \
		read -p "You are not on the $(LAB) branch.  Hand-in the current branch? [y/N] " r; \
		test "$$r" = y; \
	fi
	@if ! git diff-files --quiet || ! git diff-index --quiet --cached HEAD; then \
		git status -s; \
		echo; \
		echo "You have uncomitted changes.  Please commit or stash them."; \
		false; \
	fi
	@if test -n "`git status -s`"; then \
		git status -s; \
		read -p "Untracked files will not be handed in.  Continue? [y/N] " r; \
		test "$$r" = y; \
	fi

# Not a target:
user/echo.c:
#  Implicit rule search has not been done.
#  Modification time never checked.
#  File has not been updated.

kernel/sprintf.o: kernel/sprintf.c /usr/lib/gcc-cross/riscv64-linux-gnu/9/include/stdarg.h kernel/types.h kernel/param.h kernel/spinlock.h kernel/sleeplock.h kernel/fs.h kernel/file.h kernel/riscv.h kernel/defs.h
#  Implicit rule search has not been done.
#  Modification time never checked.
#  File has not been updated.

user/usys.S: user/usys.pl
#  Implicit rule search has not been done.
#  Modification time never checked.
#  File has not been updated.
#  recipe to execute (from 'Makefile', line 141):
	perl $U/usys.pl > $U/usys.S

.PRECIOUS: %.o
#  Implicit rule search has not been done.
#  Modification time never checked.
#  File has not been updated.

# Not a target:
kernel/bio.d:
#  Implicit rule search has been done.
#  Last modified 2022-07-13 00:42:18.112013668
#  File has been updated.
#  Successfully updated.

# Not a target:
kernel/start.c:
#  Implicit rule search has not been done.
#  Modification time never checked.
#  File has not been updated.

# Not a target:
README:
#  Implicit rule search has not been done.
#  Modification time never checked.
#  File has not been updated.

kernel/syscall.o: kernel/syscall.c kernel/types.h kernel/param.h kernel/memlayout.h kernel/riscv.h kernel/spinlock.h kernel/proc.h kernel/syscall.h kernel/defs.h
#  Implicit rule search has not been done.
#  Modification time never checked.
#  File has not been updated.

# Not a target:
kernel/memlayout.h:
#  Implicit rule search has not been done.
#  Modification time never checked.
#  File has not been updated.

user/rm.o: user/rm.c kernel/types.h kernel/stat.h user/user.h
#  Implicit rule search has not been done.
#  Modification time never checked.
#  File has not been updated.

# Not a target:
user/ls.c:
#  Implicit rule search has not been done.
#  Modification time never checked.
#  File has not been updated.

print-gdbport:
#  Implicit rule search has not been done.
#  Modification time never checked.
#  File has not been updated.
#  recipe to execute (from 'Makefile', line 311):
	@echo $(GDBPORT)

# Not a target:
user/statistics.c:
#  Implicit rule search has not been done.
#  Modification time never checked.
#  File has not been updated.

# Not a target:
user/stressfs.c:
#  Implicit rule search has not been done.
#  Modification time never checked.
#  File has not been updated.

# Not a target:
user/kill.d:
#  Implicit rule search has been done.
#  Last modified 2022-07-13 00:42:19.364049477
#  File has been updated.
#  Successfully updated.

kernel/vm.o: kernel/vm.c kernel/param.h kernel/types.h kernel/memlayout.h kernel/elf.h kernel/riscv.h kernel/defs.h kernel/fs.h kernel/spinlock.h kernel/proc.h
#  Implicit rule search has not been done.
#  Modification time never checked.
#  File has not been updated.

user/lazytests.o: user/lazytests.c kernel/param.h kernel/types.h kernel/stat.h user/user.h kernel/fs.h kernel/fcntl.h kernel/syscall.h kernel/memlayout.h kernel/riscv.h
#  Implicit rule search has not been done.
#  Modification time never checked.
#  File has not been updated.

# Not a target:
kernel/fcntl.h:
#  Implicit rule search has not been done.
#  Modification time never checked.
#  File has not been updated.

# Not a target:
user/_lazytests:
#  Implicit rule search has not been done.
#  Modification time never checked.
#  File has not been updated.

# Not a target:
user/ulib.c:
#  Implicit rule search has not been done.
 
#  Modification time never checked.
#  File has not been updated.

# Not a target:
kernel/trampoline.o:
#  Implicit rule search has not been done.
#  Modification time never checked.
#  File has not been updated.

# Not a target:
user/_stressfs:
#  Implicit rule search has not been done.
#  Modification time never checked.
#  File has not been updated.

# Not a target:
user/initcode.S:
#  Implicit rule search has not been done.
#  Modification time never checked.
#  File has not been updated.

# Not a target:
kernel/exec.d:
#  Implicit rule search has been done.
#  Last modified 2022-07-13 00:42:18.380021336
#  File has been updated.
#  Successfully updated.

# Not a target:
kernel/printf.d:
#  Implicit rule search has been done.
#  Last modified 2022-07-13 00:42:38.184581686
#  File has been updated.
#  Successfully updated.

# Not a target:
_init:
#  Implicit rule search has not been done.
#  Modification time never checked.
#  File has not been updated.

user/forktest.o: user/forktest.c kernel/types.h kernel/stat.h user/user.h
#  Implicit rule search has not been done.
#  Modification time never checked.
#  File has not been updated.

# Not a target:
user/umalloc.d:
#  Implicit rule search has been done.
#  Last modified 2022-07-13 00:42:19.23604582
#  File has been updated.
#  Successfully updated.

tags: kernel/entry.o kernel/start.o kernel/console.o kernel/printf.o kernel/uart.o kernel/kalloc.o kernel/spinlock.o kernel/string.o kernel/main.o kernel/vm.o kernel/proc.o kernel/swtch.o kernel/trampoline.o kernel/trap.o kernel/syscall.o kernel/sysproc.o kernel/bio.o kernel/fs.o kernel/log.o kernel/sleeplock.o kernel/file.o kernel/pipe.o kernel/exec.o kernel/sysfile.o kernel/kernelvec.o kernel/plic.o kernel/virtio_disk.o _init
#  Implicit rule search has not been done.
#  Modification time never checked.
#  File has not been updated.
#  recipe to execute (from 'Makefile', line 127):
	etags *.S *.c

user/_forktest: user/forktest.o user/ulib.o user/usys.o user/printf.o user/umalloc.o
#  Implicit rule search has not been done.
#  Modification time never checked.
#  File has not been updated.
#  recipe to execute (from 'Makefile', line 147):
	# forktest has less library code linked in - needs to be small
	# in order to be able to max out the proc table.
	$(LD) $(LDFLAGS) -N -e main -Ttext 0 -o $U/_forktest $U/forktest.o $U/ulib.o $U/usys.o
	$(OBJDUMP) -S $U/_forktest > $U/forktest.asm

user/trace.o: user/trace.c kernel/param.h kernel/types.h kernel/stat.h user/user.h
#  Implicit rule search has not been done.
#  Modification time never checked.
#  File has not been updated.

# Not a target:
kernel/plic.d:
#  Implicit rule search has been done.
#  Last modified 2022-07-13 00:42:18.476024082
#  File has been updated.
#  Successfully updated.

# Not a target:
user/call.d:
#  Implicit rule search has been done.
#  Last modified 2022-07-13 00:39:42.039103085
#  File has been updated.
#  Successfully updated.

# Not a target:
Makefile:
#  Implicit rule search has been done.
#  Last modified 2022-07-13 20:39:57.473981076
#  File has been updated.
#  Successfully updated.

# Not a target:
kernel/pipe.c:
#  Implicit rule search has not been done.
#  Modification time never checked.
#  File has not been updated.

# Not a target:
user/grep.c:
#  Implicit rule search has not been done.
#  Modification time never checked.
#  File has not been updated.

# Not a target:
kernel/file.d:
#  Implicit rule search has been done.
#  Last modified 2022-07-13 00:42:18.304019161
#  File has been updated.
#  Successfully updated.

# Not a target:
user/alarmtest.d:
#  Implicit rule search has been done.
#  Last modified 2022-07-13 00:39:42.015102256
#  File has been updated.
#  Successfully updated.

user/echo.o: user/echo.c kernel/types.h kernel/stat.h user/user.h
#  Implicit rule search has not been done.
#  Modification time never checked.
#  File has not been updated.

# Not a target:
kernel/buf.h:
#  Implicit rule search has not been done.
#  Modification time never checked.
#  File has not been updated.

# Not a target:
kernel/spinlock.d:
#  Implicit rule search has been done.
#  Last modified 2022-07-13 00:42:38.264583924
#  File has been updated.
#  Successfully updated.

# Not a target:
kernel/proc.d:
#  Implicit rule search has been done.
#  Last modified 2022-07-13 20:40:03.617711374
#  File has been updated.
#  Successfully updated.

# Not a target:
kernel/main.c:
#  Implicit rule search has not been done.
#  Modification time never checked.
#  File has not been updated.

tarball: handin-check
#  Phony target (prerequisite of .PHONY).
#  Implicit rule search has not been done.
#  File does not exist.
#  File has not been updated.
#  recipe to execute (from 'Makefile', line 359):
	git archive --format=tar HEAD | gzip > lab-$(LAB)-handin.tar.gz

# Not a target:
user/grind.c:
#  Implicit rule search has not been done.
#  Modification time never checked.
#  File has not been updated.

# Not a target:
user/ln.c:
#  Implicit rule search has not been done.
#  Modification time never checked.
#  File has not been updated.

# Not a target:
kernel/string.d:
#  Implicit rule search has been done.
#  Last modified 2022-07-13 00:33:42.718986266
#  File has been updated.
#  Successfully updated.

kernel/kalloc.o: kernel/kalloc.c kernel/types.h kernel/param.h kernel/memlayout.h kernel/spinlock.h kernel/riscv.h kernel/defs.h
#  Implicit rule search has not been done.
#  Modification time never checked.
#  File has not been updated.

grade:
#  Phony target (prerequisite of .PHONY).
#  Implicit rule search has not been done.
#  File does not exist.
#  File has not been updated.
#  recipe to execute (from 'Makefile', line 314):
	@echo $(MAKE) clean
	@$(MAKE) clean || \
          (echo "'make clean' failed.  HINT: Do you have another running instance of xv6?" && exit 1)
	./grade-lab-$(LAB) $(GRADEFLAGS)

# Not a target:
kernel/fs.c:
#  Implicit rule search has not been done.
#  Modification time never checked.
#  File has not been updated.

# Not a target:
kernel/sysfile.d:
#  Implicit rule search has been done.
#  Last modified 2022-07-13 00:42:18.452023395
#  File has been updated.
#  Successfully updated.

# Not a target:
user/_rm:
#  Implicit rule search has not been done.
#  Modification time never checked.
#  File has not been updated.

# Not a target:
kernel/vmcopyin.d:
#  Implicit rule search has been done.
#  Last modified 2022-07-13 00:41:46.447090538
#  File has been updated.
#  Successfully updated.

# Not a target:
kernel/console.c:
#  Implicit rule search has not been done.
#  Modification time never checked.
#  File has not been updated.

# Not a target:
.gdbinit.tmpl-riscv:
#  Implicit rule search has not been done.
#  Modification time never checked.
#  File has not been updated.

# Not a target:
user/bttest.d:
#  Implicit rule search has been done.
#  Last modified 2022-07-13 00:39:42.059103777
#  File has been updated.
#  Successfully updated.

# Not a target:
mkfs/mkfs.c:
#  Implicit rule search has not been done.
#  Modification time never checked.
#  File has not been updated.

# Not a target:
kernel/virtio_disk.d:
#  Implicit rule search has been done.
#  Last modified 2022-07-13 00:42:18.520025341
#  File has been updated.
#  Successfully updated.

# Not a target:
user/cat.c:
#  Implicit rule search has not been done.
#  Modification time never checked.
#  File has not been updated.

# Not a target:
user/mkdir.c:
#  Implicit rule search has not been done.
#  Modification time never checked.
#  File has not been updated.

# Not a target:
kernel/stats.c:
#  Implicit rule search has not been done.
#  Modification time never checked.
#  File has not been updated.

kernel/kernel: kernel/entry.o kernel/start.o kernel/console.o kernel/printf.o kernel/uart.o kernel/kalloc.o kernel/spinlock.o kernel/string.o kernel/main.o kernel/vm.o kernel/proc.o kernel/swtch.o kernel/trampoline.o kernel/trap.o kernel/syscall.o kernel/sysproc.o kernel/bio.o kernel/fs.o kernel/log.o kernel/sleeplock.o kernel/file.o kernel/pipe.o kernel/exec.o kernel/sysfile.o kernel/kernelvec.o kernel/plic.o kernel/virtio_disk.o kernel/kernel.ld user/initcode
#  Implicit rule search has not been done.
#  Modification time never checked.
#  File has not been updated.
 
#  recipe to execute (from 'Makefile', line 116):
	$(LD) $(LDFLAGS) -T $K/kernel.ld -o $K/kernel $(OBJS) 
	$(OBJDUMP) -S $K/kernel > $K/kernel.asm
	$(OBJDUMP) -t $K/kernel | sed '1,/SYMBOL TABLE/d; s/ .* / /; /^$$/d' > $K/kernel.sym

user/printf.o: user/printf.c kernel/types.h kernel/stat.h user/user.h /usr/lib/gcc-cross/riscv64-linux-gnu/9/include/stdarg.h
#  Implicit rule search has not been done.
#  Modification time never checked.
#  File has not been updated.

# Not a target:
user/_cat:
#  Implicit rule search has not been done.
#  Modification time never checked.
#  File has not been updated.

kernel/bio.o: kernel/bio.c kernel/types.h kernel/param.h kernel/spinlock.h kernel/sleeplock.h kernel/riscv.h kernel/defs.h kernel/fs.h kernel/buf.h
#  Implicit rule search has not been done.
#  Modification time never checked.
#  File has not been updated.

# Not a target:
user/sh.c:
#  Implicit rule search has not been done.
#  Modification time never checked.
#  File has not been updated.

# Not a target:
kernel/trap.c:
#  Implicit rule search has not been done.
#  Modification time never checked.
#  File has not been updated.

# Not a target:
kernel/uart.c:
#  Implicit rule search has not been done.
#  Modification time never checked.
#  File has not been updated.

# Not a target:
user/sysinfotest.c:
#  Implicit rule search has not been done.
#  Modification time never checked.
#  File has not been updated.

# Not a target:
user/_sh:
#  Implicit rule search has not been done.
#  Modification time never checked.
#  File has not been updated.

# Not a target:
kernel/trap.d:
#  Implicit rule search has been done.
#  Last modified 2022-07-13 20:40:03.673744465
#  File has been updated.
#  Successfully updated.

# Not a target:
kernel/plic.c:
#  Implicit rule search has not been done.
#  Modification time never checked.
#  File has not been updated.

# Not a target:
user/init.c:
#  Implicit rule search has not been done.
#  Modification time never checked.
#  File has not been updated.

.gdbinit: .gdbinit.tmpl-riscv
#  Implicit rule search has not been done.
#  Modification time never checked.
#  File has not been updated.
#  recipe to execute (from 'Makefile', line 285):
	sed "s/:1234/:$(GDBPORT)/" < $^ > $@

# Not a target:
kernel/log.c:
#  Implicit rule search has not been done.
#  Modification time never checked.
#  File has not been updated.

# Not a target:
user/_kill:
#  Implicit rule search has not been done.
#  Modification time never checked.
#  File has not been updated.

# Not a target:
user/zombie.d:
#  Implicit rule search has been done.
#  Last modified 2022-07-13 00:42:19.976066965
#  File has been updated.
#  Successfully updated.

user/kill.o: user/kill.c kernel/types.h kernel/stat.h user/user.h
#  Implicit rule search has not been done.
#  Modification time never checked.
#  File has not been updated.

# Not a target:
kernel/fs.h:
#  Implicit rule search has not been done.
#  Modification time never checked.
#  File has not been updated.

kernel/sysproc.o: kernel/sysproc.c kernel/types.h kernel/riscv.h kernel/defs.h kernel/date.h kernel/param.h kernel/memlayout.h kernel/spinlock.h kernel/proc.h kernel/sysinfo.h
#  Implicit rule search has not been done.
#  Modification time never checked.
#  File has not been updated.

# Not a target:
kernel/sprintf.c:
#  Implicit rule search has not been done.
#  Modification time never checked.
#  File has not been updated.

# Not a target:
user/_echo:
#  Implicit rule search has not been done.
#  Modification time never checked.
#  File has not been updated.

fs.img: mkfs/mkfs README user/_cat user/_echo user/_forktest user/_grep user/_init user/_kill user/_ln user/_ls user/_mkdir user/_rm user/_sh user/_stressfs user/_usertests user/_grind user/_wc user/_zombie user/_lazytests
#  Implicit rule search has not been done.
#  Modification time never checked.
#  File has not been updated.
#  recipe to execute (from 'Makefile', line 245):
	mkfs/mkfs fs.img README $(UEXTRA) $(UPROGS)

# Not a target:
user/wc.d:
#  Implicit rule search has been done.
#  Last modified 2022-07-13 00:42:19.956066395
#  File has been updated.
#  Successfully updated.

# Not a target:
user/stats.d:
#  Implicit rule search has been done.
#  Last modified 2022-07-13 00:41:48.015137061
#  File has been updated.
#  Successfully updated.

# Not a target:
kernel/syscall.c:
#  Implicit rule search has not been done.
#  Modification time never checked.
#  File has not been updated.

# Not a target:
kernel/swtch.o:
#  Implicit rule search has not been done.
#  Modification time never checked.
#  File has not been updated.

# Not a target:
kernel/start.d:
#  Implicit rule search has been done.
#  Last modified 2022-07-13 00:42:38.116579782
#  File has been updated.
#  Successfully updated.

# Not a target:
user/usys.d:
#  Implicit rule search has been done.
#  Last modified 2022-07-13 00:42:19.184044334
#  File has been updated.
#  Successfully updated.

user/umalloc.o: user/umalloc.c kernel/types.h kernel/stat.h user/user.h kernel/param.h
#  Implicit rule search has not been done.
#  Modification time never checked.
#  File has not been updated.

# Not a target:
user/ls.d:
#  Implicit rule search has been done.
#  Last modified 2022-07-13 00:42:19.416050964
#  File has been updated.
#  Successfully updated.

# Not a target:
user/statistics.d:
#  Implicit rule search has been done.
#  Last modified 2022-07-13 00:41:47.223113572
#  File has been updated.
#  Successfully updated.

# Not a target:
conf/lab.mk:
#  Implicit rule search has been done.
#  Last modified 2022-07-13 20:39:57.477983577
#  File has been updated.
#  Successfully updated.

# Not a target:
user/stressfs.d:
#  Implicit rule search has been done.
#  Last modified 2022-07-13 00:42:19.564055193
#  File has been updated.
#  Successfully updated.

user/call.o: user/call.c kernel/param.h kernel/types.h kernel/stat.h user/user.h
#  Implicit rule search has not been done.
#  Modification time never checked.
#  File has not been updated.

# Not a target:
user/lazytests.c:
#  Implicit rule search has not been done.
#  Modification time never checked.
#  File has not been updated.

# Not a target:
.DEFAULT:
#  Implicit rule search has not been done.
#  Modification time never checked.
#  File has not been updated.

kernel/file.o: kernel/file.c kernel/types.h kernel/riscv.h kernel/defs.h kernel/param.h kernel/fs.h kernel/spinlock.h kernel/sleeplock.h kernel/file.h kernel/stat.h kernel/proc.h
#  Implicit rule search has not been done.
#  Modification time never checked.
#  File has not been updated.

# Not a target:
user/ulib.d:
#  Implicit rule search has been done.
#  Last modified 2022-07-13 00:42:19.168043877
#  File has been updated.
#  Successfully updated.

user/alarmtest.o: user/alarmtest.c kernel/param.h kernel/types.h kernel/stat.h kernel/riscv.h user/user.h
#  Implicit rule search has not been done.
#  Modification time never checked.
#  File has not been updated.

# Not a target:
kernel/log.d:
#  Implicit rule search has been done.
#  Last modified 2022-07-13 00:42:18.244017445
#  File has been updated.
#  Successfully updated.

# Not a target:
user/umalloc.c:
#  Implicit rule search has not been done.
#  Modification time never checked.
#  File has not been updated.

# Not a target:
user/forktest.c:
#  Implicit rule search has not been done.
#  Modification time never checked.
#  File has not been updated.

# Not a target:
user/trace.c:
#  Implicit rule search has not been done.
#  Modification time never checked.
#  File has not been updated.

# Not a target:
user/initcode.d:
#  Implicit rule search has been done.
#  Last modified 2022-07-13 00:35:12.759846269
#  File has been updated.
#  Successfully updated.

# Not a target:
user/usertests.c:
#  Implicit rule search has not been done.
#  Modification time never checked.
#  File has not been updated.

kernel/spinlock.o: kernel/spinlock.c kernel/types.h kernel/param.h kernel/memlayout.h kernel/spinlock.h kernel/riscv.h kernel/proc.h kernel/defs.h
 
#  Implicit rule search has not been done.
#  Modification time never checked.
#  File has not been updated.

kernel/proc.o: kernel/proc.c kernel/types.h kernel/param.h kernel/memlayout.h kernel/riscv.h kernel/spinlock.h kernel/proc.h kernel/defs.h
#  Implicit rule search has not been done.
#  Modification time never checked.
#  File has not been updated.

# Not a target:
kernel/pipe.d:
#  Implicit rule search has been done.
#  Last modified 2022-07-13 00:42:18.344020306
#  File has been updated.
#  Successfully updated.

# Not a target:
kernel/sleeplock.h:
#  Implicit rule search has not been done.
#  Modification time never checked.
#  File has not been updated.

# Not a target:
kernel/param.h:
#  Implicit rule search has not been done.
#  Modification time never checked.
#  File has not been updated.

kernel/string.o: kernel/string.c kernel/types.h
#  Implicit rule search has not been done.
#  Modification time never checked.
#  File has not been updated.

# Not a target:
user/grep.d:
#  Implicit rule search has been done.
#  Last modified 2022-07-13 00:42:19.316048106
#  File has been updated.
#  Successfully updated.

qemu-gdb: kernel/kernel .gdbinit fs.img
#  Implicit rule search has not been done.
#  Modification time never checked.
#  File has not been updated.
#  recipe to execute (from 'Makefile', line 288):
	@echo "*** Now run 'gdb' in another window." 1>&2
	$(QEMU) $(QEMUOPTS) -S $(QEMUGDB)

kernel/sysfile.o: kernel/sysfile.c kernel/types.h kernel/riscv.h kernel/defs.h kernel/param.h kernel/stat.h kernel/spinlock.h kernel/proc.h kernel/fs.h kernel/sleeplock.h kernel/file.h kernel/fcntl.h
#  Implicit rule search has not been done.
#  Modification time never checked.
#  File has not been updated.

user/statistics.o: user/statistics.c kernel/types.h kernel/stat.h kernel/fcntl.h user/user.h
#  Implicit rule search has not been done.
#  Modification time never checked.
#  File has not been updated.

clean:
#  Phony target (prerequisite of .PHONY).
#  Implicit rule search has not been done.
#  File does not exist.
#  File has not been updated.
#  recipe to execute (from 'Makefile', line 250):
	rm -f *.tex *.dvi *.idx *.aux *.log *.ind *.ilg \
	*/*.o */*.d */*.asm */*.sym \
	$U/initcode $U/initcode.out $K/kernel fs.img \
	mkfs/mkfs .gdbinit \
        $U/usys.S \
	$(UPROGS)

# Not a target:
kernel/syscall.h:
#  Implicit rule search has not been done.
#  Modification time never checked.
#  File has not been updated.

# Not a target:
kernel/stat.h:
#  Implicit rule search has not been done.
#  Modification time never checked.
#  File has not been updated.

# Not a target:
kernel/kernelvec.o:
#  Implicit rule search has not been done.
#  Modification time never checked.
#  File has not been updated.

# Not a target:
user/bttest.c:
#  Implicit rule search has not been done.
#  Modification time never checked.
#  File has not been updated.

# Not a target:
kernel/elf.h:
#  Implicit rule search has not been done.
#  Modification time never checked.
#  File has not been updated.

tarball-pref: handin-check
#  Phony target (prerequisite of .PHONY).
#  Implicit rule search has not been done.
#  File does not exist.
#  File has not been updated.
#  recipe to execute (from 'Makefile', line 362):
	@SUF=$(LAB); \
	git archive --format=tar HEAD > lab-$$SUF-handin.tar; \
	git diff $(UPSTREAM)/$(LAB) > /tmp/lab-$$SUF-diff.patch; \
	tar -rf lab-$$SUF-handin.tar /tmp/lab-$$SUF-diff.patch; \
	gzip -c lab-$$SUF-handin.tar > lab-$$SUF-handin.tar.gz; \
	rm lab-$$SUF-handin.tar; \
	rm /tmp/lab-$$SUF-diff.patch; \


# Not a target:
kernel/sleeplock.c:
#  Implicit rule search has not been done.
#  Modification time never checked.
#  File has not been updated.

# Not a target:
kernel/main.d:
#  Implicit rule search has been done.
#  Last modified 2022-07-13 00:42:38.284584483
#  File has been updated.
#  Successfully updated.

# Not a target:
user/_zombie:
#  Implicit rule search has not been done.
#  Modification time never checked.
#  File has not been updated.

# Not a target:
user/rm.c:
#  Implicit rule search has not been done.
#  Modification time never checked.
#  File has not been updated.

# Not a target:
user/grind.d:
#  Implicit rule search has been done.
#  Last modified 2022-07-13 00:42:19.924065479
#  File has been updated.
#  Successfully updated.

kernel/virtio_disk.o: kernel/virtio_disk.c kernel/types.h kernel/riscv.h kernel/defs.h kernel/param.h kernel/memlayout.h kernel/spinlock.h kernel/sleeplock.h kernel/fs.h kernel/buf.h kernel/virtio.h
#  Implicit rule search has not been done.
#  Modification time never checked.
#  File has not been updated.

# Not a target:
user/ln.d:
#  Implicit rule search has been done.
#  Last modified 2022-07-13 00:42:19.384050049
#  File has been updated.
#  Successfully updated.

# Not a target:
kernel/fs.d:
#  Implicit rule search has been done.
#  Last modified 2022-07-13 00:42:18.200016186
#  File has been updated.
#  Successfully updated.

kernel/printf.o: kernel/printf.c /usr/lib/gcc-cross/riscv64-linux-gnu/9/include/stdarg.h kernel/types.h kernel/param.h kernel/spinlock.h kernel/sleeplock.h kernel/fs.h kernel/file.h kernel/memlayout.h kernel/riscv.h kernel/defs.h kernel/proc.h
#  Implicit rule search has not been done.
#  Modification time never checked.
#  File has not been updated.

# Not a target:
kernel/defs.h:
#  Implicit rule search has not been done.
#  Modification time never checked.
#  File has not been updated.

user/usertests.o: user/usertests.c kernel/param.h kernel/types.h kernel/stat.h user/user.h kernel/fs.h kernel/fcntl.h kernel/syscall.h kernel/memlayout.h kernel/riscv.h
#  Implicit rule search has not been done.
#  Modification time never checked.
#  File has not been updated.

user/bttest.o: user/bttest.c kernel/types.h kernel/stat.h user/user.h
#  Implicit rule search has not been done.
#  Modification time never checked.
#  File has not been updated.

# Not a target:
user/printf.d:
#  Implicit rule search has been done.
#  Last modified 2022-07-13 00:42:19.212045135
#  File has been updated.
#  Successfully updated.

# Not a target:
kernel/date.h:
#  Implicit rule search has not been done.
#  Modification time never checked.
#  File has not been updated.

kernel/vmcopyin.o: kernel/vmcopyin.c kernel/param.h kernel/types.h kernel/riscv.h kernel/defs.h kernel/spinlock.h kernel/proc.h
#  Implicit rule search has not been done.
#  Modification time never checked.
#  File has not been updated.

# Not a target:
user/stats.c:
#  Implicit rule search has not been done.
#  Modification time never checked.
#  File has not been updated.

# Not a target:
user/_usertests:
#  Implicit rule search has not been done.
#  Modification time never checked.
#  File has not been updated.

# Not a target:
user/zombie.c:
#  Implicit rule search has not been done.
#  Modification time never checked.
#  File has not been updated.

kernel/trap.o: kernel/trap.c kernel/types.h kernel/param.h kernel/memlayout.h kernel/riscv.h kernel/spinlock.h kernel/proc.h kernel/defs.h
#  Implicit rule search has not been done.
#  Modification time never checked.
#  File has not been updated.

myapi.key:
#  Implicit rule search has not been done.
#  Modification time never checked.
#  File has not been updated.
#  recipe to execute (from 'Makefile', line 371):
	@echo Get an API key for yourself by visiting $(WEBSUB)/
	@read -p "Please enter your API key: " k; \
	if test `echo "$$k" |tr -d '\n' |wc -c` = 32 ; then \
		TF=`mktemp -t tmp.XXXXXX`; \
		if test "x$$TF" != "x" ; then \
			echo "$$k" |tr -d '\n' > $$TF; \
			mv -f $$TF $@; \
		else \
			echo mktemp failed; \
			false; \
		fi; \
	else \
		echo Bad API key: $$k; \
		echo An API key should be 32 characters long.; \
		false; \
	fi;

# Not a target:
user/cat.d:
#  Implicit rule search has been done.
#  Last modified 2022-07-13 00:42:19.132042848
#  File has been updated.
#  Successfully updated.

# Not a target:
user/mkdir.d:
#  Implicit rule search has been done.
#  Last modified 2022-07-13 00:42:19.444051763
#  File has been updated.
#  Successfully updated.

# Not a target:
user/_wc:
#  Implicit rule search has not been done.
#  Modification time never checked.
#  File has not been updated.

# Not a target:
kernel/stats.d:
#  Implicit rule search has been done.
#  Last modified 2022-07-13 00:41:46.47109125
#  File has been updated.
#  Successfully updated.

# Not a target:
kernel/sysproc.d:
#  Implicit rule search has been done.
#  Last modified 2022-07-13 00:42:18.080012752
#  File has been updated.
#  Successfully updated.

# Not a target:
user/printf.c:
#  Implicit rule search has not been done.
#  Modification time never checked.
#  File has not been updated.

# Not a target:
kernel/bio.c:
#  Implicit rule search has not been done.
#  Modification time never checked.
#  File has not been updated.

 
user/wc.o: user/wc.c kernel/types.h kernel/stat.h user/user.h
#  Implicit rule search has not been done.
#  Modification time never checked.
#  File has not been updated.

user/stats.o: user/stats.c kernel/types.h kernel/stat.h kernel/fcntl.h user/user.h
#  Implicit rule search has not been done.
#  Modification time never checked.
#  File has not been updated.

kernel/start.o: kernel/start.c kernel/types.h kernel/param.h kernel/memlayout.h kernel/riscv.h kernel/defs.h
#  Implicit rule search has not been done.
#  Modification time never checked.
#  File has not been updated.

# Not a target:
user/sh.d:
#  Implicit rule search has been done.
#  Last modified 2022-07-13 00:42:19.532054279
#  File has been updated.
#  Successfully updated.

user/usys.o: user/usys.S user/usys.S kernel/syscall.h
#  Implicit rule search has not been done.
#  Modification time never checked.
#  File has not been updated.
#  recipe to execute (from 'Makefile', line 144):
	$(CC) $(CFLAGS) -c -o $U/usys.o $U/usys.S

# Not a target:
kernel/vm.c:
#  Implicit rule search has not been done.
#  Modification time never checked.
#  File has not been updated.

# Not a target:
/usr/lib/gcc-cross/riscv64-linux-gnu/9/include/stdarg.h:
#  Implicit rule search has not been done.
#  Modification time never checked.
#  File has not been updated.

# Not a target:
kernel/uart.d:
#  Implicit rule search has been done.
#  Last modified 2022-07-13 00:42:38.212582469
#  File has been updated.
#  Successfully updated.

# Not a target:
user/sysinfotest.d:
#  Implicit rule search has been done.
#  Last modified 2022-07-13 00:42:20.036068681
#  File has been updated.
#  Successfully updated.

user/ls.o: user/ls.c kernel/types.h kernel/stat.h user/user.h kernel/fs.h
#  Implicit rule search has not been done.
#  Modification time never checked.
#  File has not been updated.

# Not a target:
kernel/sleeplock.d:
#  Implicit rule search has been done.
#  Last modified 2022-07-13 00:42:18.268018131
#  File has been updated.
#  Successfully updated.

# Not a target:
user/_ls:
#  Implicit rule search has not been done.
#  Modification time never checked.
#  File has not been updated.

# Not a target:
user/init.d:
#  Implicit rule search has been done.
 
#  Last modified 2022-07-13 00:42:19.340048791
#  File has been updated.
#  Successfully updated.

# Not a target:
kernel/sysproc.c:
#  Implicit rule search has not been done.
#  Modification time never checked.
#  File has not been updated.

user/stressfs.o: user/stressfs.c kernel/types.h kernel/stat.h user/user.h kernel/fs.h kernel/fcntl.h
#  Implicit rule search has not been done.
#  Modification time never checked.
#  File has not been updated.

# Not a target:
kernel/riscv.h:
#  Implicit rule search has not been done.
#  Modification time never checked.
#  File has not been updated.

# Not a target:
user/user.h:
#  Implicit rule search has not been done.
#  Modification time never checked.
#  File has not been updated.

# Not a target:
kernel/kalloc.c:
#  Implicit rule search has not been done.
#  Modification time never checked.
#  File has not been updated.

# Not a target:
kernel/sprintf.d:
#  Implicit rule search has been done.
#  Last modified 2022-07-13 00:41:46.503092201
#  File has been updated.
#  Successfully updated.

handin: tarball-pref myapi.key
#  Phony target (prerequisite of .PHONY).
#  Implicit rule search has not been done.
#  File does not exist.
#  File has not been updated.
#  recipe to execute (from 'Makefile', line 327):
	@SUF=$(LAB); \
	curl -f -F file=@lab-$$SUF-handin.tar.gz -F key=\<myapi.key $(WEBSUB)/upload \
	    > /dev/null || { \
		echo ; \
		echo Submit seems to have failed.; \
		echo Please go to $(WEBSUB)/ and upload the tarball manually.; }

# Not a target:
user/usys.pl:
#  Implicit rule search has not been done.
#  Modification time never checked.
#  File has not been updated.

kernel/console.o: kernel/console.c /usr/lib/gcc-cross/riscv64-linux-gnu/9/include/stdarg.h kernel/types.h kernel/param.h kernel/spinlock.h kernel/sleeplock.h kernel/fs.h kernel/file.h kernel/memlayout.h kernel/riscv.h kernel/defs.h kernel/proc.h
#  Implicit rule search has not been done.
#  Modification time never checked.
#  File has not been updated.

user/ulib.o: user/ulib.c kernel/types.h kernel/stat.h kernel/fcntl.h user/user.h
#  Implicit rule search has not been done.
#  Modification time never checked.
#  File has not been updated.

# Not a target:
kernel/syscall.d:
#  Implicit rule search has been done.
#  Last modified 2022-07-13 00:42:38.496590413
#  File has been updated.
#  Successfully updated.

# Not a target:
user/rm.d:
#  Implicit rule search has been done.
#  Last modified 2022-07-13 00:42:19.46805245
#  File has been updated.
#  Successfully updated.

# Not a target:
kernel/virtio.h:
#  Implicit rule search has not been done.
#  Modification time never checked.
#  File has not been updated.

user/initcode: user/initcode.S
#  Implicit rule search has not been done.
#  Modification time never checked.
#  File has not been updated.
#  recipe to execute (from 'Makefile', line 121):
	$(CC) $(CFLAGS) -march=rv64g -nostdinc -I. -Ikernel -c $U/initcode.S -o $U/initcode.o
	$(LD) $(LDFLAGS) -N -e start -Ttext 0 -o $U/initcode.out $U/initcode.o
	$(OBJCOPY) -S -O binary $U/initcode.out $U/initcode
	$(OBJDUMP) -S $U/initcode.o > $U/initcode.asm

user/initcode.o: user/initcode.S kernel/syscall.h
#  Implicit rule search has not been done.
#  Modification time never checked.
#  File has not been updated.

# Not a target:
kernel/types.h:
#  Implicit rule search has not been done.
#  Modification time never checked.
#  File has not been updated.

# Not a target:
kernel/entry.o:
#  Implicit rule search has not been done.
#  Modification time never checked.
#  File has not been updated.

# Not a target:
kernel/vm.d:
#  Implicit rule search has been done.
#  Last modified 2022-07-13 20:40:03.505645195
#  File has been updated.
#  Successfully updated.

kernel/pipe.o: kernel/pipe.c kernel/types.h kernel/riscv.h kernel/defs.h kernel/param.h kernel/spinlock.h kernel/proc.h kernel/fs.h kernel/sleeplock.h kernel/file.h
#  Implicit rule search has not been done.
#  Modification time never checked.
#  File has not been updated.

# Not a target:
user/lazytests.d:
#  Implicit rule search has been done.
#  Last modified 2022-07-13 00:35:13.895903451
#  File has been updated.
#  Successfully updated.

# Not a target:
kernel/file.c:
#  Implicit rule search has not been done.
#  Modification time never checked.
#  File has not been updated.

user/grep.o: user/grep.c kernel/types.h kernel/stat.h user/user.h
#  Implicit rule search has not been done.
#  Modification time never checked.
#  File has not been updated.

# Not a target:
user/_grep:
#  Implicit rule search has not been done.
#  Modification time never checked.
#  File has not been updated.

# Not a target:
user/alarmtest.c:
#  Implicit rule search has not been done.
#  Modification time never checked.
#  File has not been updated.

# Not a target:
kernel/sysinfo.h:
#  Implicit rule search has not been done.
#  Modification time never checked.
#  File has not been updated.

user/zombie.o: user/zombie.c kernel/types.h kernel/stat.h user/user.h
#  Implicit rule search has not been done.
#  Modification time never checked.
#  File has not been updated.

# Not a target:
user/forktest.d:
#  Implicit rule search has been done.
#  Last modified 2022-07-13 00:42:19.284047191
#  File has been updated.
#  Successfully updated.

# Not a target:
kernel/spinlock.c:
#  Implicit rule search has not been done.
#  Modification time never checked.
#  File has not been updated.

# Not a target:
user/trace.d:
#  Implicit rule search has been done.
#  Last modified 2022-07-13 00:42:20.004067766
#  File has been updated.
#  Successfully updated.

# Not a target:
kernel/proc.c:
#  Implicit rule search has not been done.
#  Modification time never checked.
#  File has not been updated.

# Not a target:
user/echo.d:
#  Implicit rule search has been done.
#  Last modified 2022-07-13 00:42:19.256046391
#  File has been updated.
#  Successfully updated.

# Not a target:
user/usertests.d:
#  Implicit rule search has been done.
#  Last modified 2022-07-13 00:42:19.84006308
#  File has been updated.
#  Successfully updated.

# Not a target:
user/_grind:
#  Implicit rule search has not been done.
#  Modification time never checked.
#  File has not been updated.

kernel/main.o: kernel/main.c kernel/types.h kernel/param.h kernel/memlayout.h kernel/riscv.h kernel/defs.h
#  Implicit rule search has not been done.
#  Modification time never checked.
#  File has not been updated.

# Not a target:
kernel/string.c:
#  Implicit rule search has not been done.
#  Modification time never checked.
#  File has not been updated.

# files hash-table stats:
# Load=236/1024=23%, Rehash=0, Collisions=80/816=10%
# VPATH Search Paths

# No 'vpath' search paths.

# No general ('VPATH' variable) search path.

# strcache buffers: 1 (0) / strings = 509 / storage = 5638 B / avg = 11 B
# current buf: size = 8162 B / used = 5638 B / count = 509 / avg = 11 B

# strcache performance: lookups = 1050 / hit rate = 51%
# hash-table stats:
# Load=509/8192=6%, Rehash=0, Collisions=58/1050=6%
# Finished Make data base on Wed Jul 13 20:42:51 2022

 
